<?xml version="1.0" encoding="UTF-8"?>
<!-- Generated by org.testng.reporters.JUnitReportReporter -->
<testsuite hostname="SDN-05" failures="0" tests="1" name="OrangeHRM_pratice.TestCases.SuperAdmin.Tc_002_Add_New_Employee" time="119.364" errors="0" timestamp="2024-09-06T18:10:24 IST" skipped="0">
  <testcase classname="OrangeHRM_pratice.TestCases.SuperAdmin.Tc_002_Add_New_Employee" name="create_New_Acc_by_clicking_on_Add_Employee_button" time="119.364"/>
</testsuite> <!-- OrangeHRM_pratice.TestCases.SuperAdmin.Tc_002_Add_New_Employee -->
