<?xml version="1.0" encoding="UTF-8"?>
<!-- Generated by org.testng.reporters.JUnitReportReporter -->
<testsuite hostname="SDN-05" failures="0" tests="1" name="OrangeHRM_pratice.TestCases.SuperAdmin.Tc_001_SuperAdmin_Login" time="64.886" errors="0" timestamp="2024-09-06T15:45:09 IST" skipped="0">
  <testcase classname="OrangeHRM_pratice.TestCases.SuperAdmin.Tc_001_SuperAdmin_Login" name="SuperAdminLogin" time="64.886"/>
</testsuite> <!-- OrangeHRM_pratice.TestCases.SuperAdmin.Tc_001_SuperAdmin_Login -->
