<?xml version="1.0" encoding="UTF-8"?>
<!-- Generated by org.testng.reporters.JUnitReportReporter -->
<testsuite hostname="SDN-05" failures="0" tests="1" name="OrangeHRM_pratice.TestCases.SuperAdmin.Tc_001_SuperAdmin_Login" time="44.169" errors="0" timestamp="2024-08-29T10:54:22 IST" skipped="0">
  <testcase classname="OrangeHRM_pratice.TestCases.SuperAdmin.Tc_001_SuperAdmin_Login" name="SuperAdminLogin" time="44.169"/>
</testsuite> <!-- OrangeHRM_pratice.TestCases.SuperAdmin.Tc_001_SuperAdmin_Login -->
